#
# There is insufficient memory for the Java Runtime Environment to continue.
# Native memory allocation (malloc) failed to allocate 1048576 bytes for AllocateHeap
# Possible reasons:
#   The system is out of physical RAM or swap space
#   In 32 bit mode, the process size limit was hit
# Possible solutions:
#   Reduce memory load on the system
#   Increase physical memory or swap space
#   Check if swap backing store is full
#   Use 64 bit Java on a 64 bit OS
#   Decrease Java heap size (-Xmx/-Xms)
#   Decrease number of Java threads
#   Decrease Java thread stack sizes (-Xss)
#   Set larger code cache with -XX:ReservedCodeCacheSize=
# This output file may be truncated or incomplete.
#
#  Out of Memory Error (memory/allocation.inline.hpp:61), pid=21416, tid=0x0000000000004500
#
# JRE version:  (8.0_121-b13) (build )
# Java VM: Java HotSpot(TM) 64-Bit Server VM (25.121-b13 mixed mode windows-amd64 compressed oops)
# Failed to write core dump. Minidumps are not enabled by default on client versions of Windows
#

---------------  T H R E A D  ---------------

Current thread (0x0000000002853800):  JavaThread "Unknown thread" [_thread_in_vm, id=17664, stack(0x0000000002220000,0x0000000002320000)]

Stack: [0x0000000002220000,0x0000000002320000]
[error occurred during error reporting (printing stack bounds), id 0xc0000005]

Native frames: (J=compiled Java code, j=interpreted, Vv=VM code, C=native code)


---------------  P R O C E S S  ---------------

Java Threads: ( => current thread )

Other Threads:

=>0x0000000002853800 (exited) JavaThread "Unknown thread" [_thread_in_vm, id=17664, stack(0x0000000002220000,0x0000000002320000)]

VM state:not at safepoint (normal execution)

VM Mutex/Monitor currently owned by a thread: None

Heap:
 PSYoungGen      total 76288K, used 1310K [0x000000076b380000, 0x0000000770880000, 0x00000007c0000000)
  eden space 65536K, 2% used [0x000000076b380000,0x000000076b4c7af0,0x000000076f380000)
  from space 10752K, 0% used [0x000000076fe00000,0x000000076fe00000,0x0000000770880000)
  to   space 10752K, 0% used [0x000000076f380000,0x000000076f380000,0x000000076fe00000)
 ParOldGen       total 175104K, used 0K [0x00000006c1a00000, 0x00000006cc500000, 0x000000076b380000)
  object space 175104K, 0% used [0x00000006c1a00000,0x00000006c1a00000,0x00000006cc500000)
 Metaspace       used 770K, capacity 4480K, committed 4480K, reserved 1056768K
  class space    used 75K, capacity 384K, committed 384K, reserved 1048576K

Card table byte_map: [0x0000000011d10000,0x0000000012510000] byte_map_base: 0x000000000e703000

Marking Bits: (ParMarkBitMap*) 0x000000006a23b6d0
 Begin Bits: [0x0000000012e60000, 0x0000000016df8000)
 End Bits:   [0x0000000016df8000, 0x000000001ad90000)

Polling page: 0x0000000000ba0000

CodeCache: size=245760Kb used=328Kb max_used=328Kb free=245431Kb
 bounds [0x0000000002950000, 0x0000000002bc0000, 0x0000000011950000]
 total_blobs=58 nmethods=0 adapters=38
 compilation: enabled

Compilation events (0 events):
No events

GC Heap History (0 events):
No events

Deoptimization events (0 events):
No events

Internal exceptions (0 events):
No events

Events (10 events):
Event: 0.032 loading class java/lang/Short
Event: 0.032 loading class java/lang/Short done
Event: 0.032 loading class java/lang/Integer
Event: 0.032 loading class java/lang/Integer done
Event: 0.032 loading class java/lang/Long
Event: 0.033 loading class java/lang/Long done
Event: 0.033 loading class java/lang/NullPointerException
Event: 0.033 loading class java/lang/NullPointerException done
Event: 0.033 loading class java/lang/ArithmeticException
Event: 0.033 loading class java/lang/ArithmeticException done


Dynamic libraries:
0x00007ff6d2840000 - 0x00007ff6d2877000 	C:\Program Files\Java\jdk1.8.0_121\bin\java.exe
0x00007ff94f540000 - 0x00007ff94f730000 	C:\WINDOWS\SYSTEM32\ntdll.dll
0x00007ff94cfb0000 - 0x00007ff94d062000 	C:\WINDOWS\System32\KERNEL32.DLL
0x00007ff94bf60000 - 0x00007ff94c202000 	C:\WINDOWS\System32\KERNELBASE.dll
0x00007ff94ece0000 - 0x00007ff94ed83000 	C:\WINDOWS\System32\ADVAPI32.dll
0x00007ff94d1b0000 - 0x00007ff94d24e000 	C:\WINDOWS\System32\msvcrt.dll
0x00007ff94ebe0000 - 0x00007ff94ec77000 	C:\WINDOWS\System32\sechost.dll
0x00007ff94ea70000 - 0x00007ff94eb90000 	C:\WINDOWS\System32\RPCRT4.dll
0x00007ff94dae0000 - 0x00007ff94dc73000 	C:\WINDOWS\System32\USER32.dll
0x00007ff94bd90000 - 0x00007ff94bdb1000 	C:\WINDOWS\System32\win32u.dll
0x00007ff94eb90000 - 0x00007ff94ebb6000 	C:\WINDOWS\System32\GDI32.dll
0x00007ff94bbf0000 - 0x00007ff94bd84000 	C:\WINDOWS\System32\gdi32full.dll
0x00007ff94bdc0000 - 0x00007ff94be5e000 	C:\WINDOWS\System32\msvcp_win.dll
0x00007ff94be60000 - 0x00007ff94bf5a000 	C:\WINDOWS\System32\ucrtbase.dll
0x00007ff93d0a0000 - 0x00007ff93d325000 	C:\WINDOWS\WinSxS\amd64_microsoft.windows.common-controls_6595b64144ccf1df_6.0.18362.30_none_a1435978519dce7f\COMCTL32.dll
0x00007ff94cc70000 - 0x00007ff94cfa6000 	C:\WINDOWS\System32\combase.dll
0x00007ff94cb30000 - 0x00007ff94cbb1000 	C:\WINDOWS\System32\bcryptPrimitives.dll
0x00007ff94e800000 - 0x00007ff94e82e000 	C:\WINDOWS\System32\IMM32.DLL
0x000000006a2c0000 - 0x000000006a392000 	C:\Program Files\Java\jdk1.8.0_121\jre\bin\msvcr100.dll
0x0000000069a20000 - 0x000000006a2bb000 	C:\Program Files\Java\jdk1.8.0_121\jre\bin\server\jvm.dll
0x00007ff94ed90000 - 0x00007ff94ed98000 	C:\WINDOWS\System32\PSAPI.DLL
0x00007ff93b670000 - 0x00007ff93b679000 	C:\WINDOWS\SYSTEM32\WSOCK32.dll
0x00007ff94e250000 - 0x00007ff94e2bf000 	C:\WINDOWS\System32\WS2_32.dll
0x00007ff949c00000 - 0x00007ff949c24000 	C:\WINDOWS\SYSTEM32\WINMM.dll
0x00007ff941da0000 - 0x00007ff941daa000 	C:\WINDOWS\SYSTEM32\VERSION.dll
0x00007ff949bd0000 - 0x00007ff949bfd000 	C:\WINDOWS\SYSTEM32\winmmbase.dll
0x00007ff94bb40000 - 0x00007ff94bb8a000 	C:\WINDOWS\System32\cfgmgr32.dll
0x000000006a440000 - 0x000000006a44f000 	C:\Program Files\Java\jdk1.8.0_121\jre\bin\verify.dll
0x00000000699f0000 - 0x0000000069a19000 	C:\Program Files\Java\jdk1.8.0_121\jre\bin\java.dll
0x0000000069910000 - 0x0000000069933000 	C:\Program Files\Java\jdk1.8.0_121\jre\bin\instrument.dll
0x000000006a420000 - 0x000000006a436000 	C:\Program Files\Java\jdk1.8.0_121\jre\bin\zip.dll

VM Arguments:
jvm_args: -javaagent:D:\IDEA\IntelliJ IDEA 2019.2\lib\idea_rt.jar=55129:D:\IDEA\IntelliJ IDEA 2019.2\bin -Dfile.encoding=UTF-8 
java_command: com.ctrip.practice.DpPractice
java_class_path (initial): C:\Program Files\Java\jdk1.8.0_121\jre\lib\charsets.jar;C:\Program Files\Java\jdk1.8.0_121\jre\lib\deploy.jar;C:\Program Files\Java\jdk1.8.0_121\jre\lib\ext\access-bridge-64.jar;C:\Program Files\Java\jdk1.8.0_121\jre\lib\ext\cldrdata.jar;C:\Program Files\Java\jdk1.8.0_121\jre\lib\ext\dnsns.jar;C:\Program Files\Java\jdk1.8.0_121\jre\lib\ext\jaccess.jar;C:\Program Files\Java\jdk1.8.0_121\jre\lib\ext\jfxrt.jar;C:\Program Files\Java\jdk1.8.0_121\jre\lib\ext\localedata.jar;C:\Program Files\Java\jdk1.8.0_121\jre\lib\ext\nashorn.jar;C:\Program Files\Java\jdk1.8.0_121\jre\lib\ext\sunec.jar;C:\Program Files\Java\jdk1.8.0_121\jre\lib\ext\sunjce_provider.jar;C:\Program Files\Java\jdk1.8.0_121\jre\lib\ext\sunmscapi.jar;C:\Program Files\Java\jdk1.8.0_121\jre\lib\ext\sunpkcs11.jar;C:\Program Files\Java\jdk1.8.0_121\jre\lib\ext\zipfs.jar;C:\Program Files\Java\jdk1.8.0_121\jre\lib\javaws.jar;C:\Program Files\Java\jdk1.8.0_121\jre\lib\jce.jar;C:\Program Files\Java\jdk1.8.0_121\jre\lib\jfr.jar;C:\Program Files\Java\jdk1.8.0_121\jre\lib\jfxswt.jar;C:\Program Files\Java\jdk1.8.0_121\jre\lib\jsse.jar;C:\Program Files\Java\jdk1.8.0_121\jre\lib\management-agent.jar;C:\Program Files\Java\jdk1.8.0_121\jre\lib\plugin.jar;C:\Program Files\Java\jdk1.8.0_121\jre\lib\resources.jar;C:\Program Files\Java\jdk1.8.0_121\jre\lib\rt.jar;D:\IDEA\workspace\java-tool-project\target\classes;D:\Users\liuyangwang\.m2\repository\org\scala-lang\scala-library\2.11.12\scala-library-2.11.12.jar;D:\Users\liuyangwang\.m2\repository\com\alibaba\fastjson\1.2.70\fastjson-1.2.70.jar;D:\Users\liuyangwang\.m2\repository\mysql\mysql-connector-java\5.1.25\mysql-connector-java-5.1.25.jar;D:\Users\liuyangwang\.m2\repository\org\apache\poi\poi\3.16\poi-3.16.jar;D:\Users\liuyangwang\.m2\repository\commons-codec\commons-codec\1.10\commons-codec-1.10.jar;D:\Users\liuyangwang\.m2\repository\org\apache\commons\commons-collections4\4.1\commons-collections4-4.1.jar;D:\Users\liuyangwang\.m2\repository\org
Launcher Type: SUN_STANDARD

Environment Variables:
JAVA_HOME=C:\Program Files\Java\jdk1.7.0_60
CLASSPATH=.C:\Program Files\Java\jdk1.7.0_60\lib;C:\Program Files\Java\jdk1.7.0_60\lib\tools.jar
PATH=D:\IDEA\IntelliJ IDEA 2019.2\jbr\\bin;D:\IDEA\IntelliJ IDEA 2019.2\jbr\\bin\server;C:\Program Files (x86)\Common Files\Oracle\Java\javapath;C:\ProgramData\Oracle\Java\javapath;C:\WINDOWS\system32;C:\WINDOWS;C:\WINDOWS\System32\Wbem;C:\WINDOWS\System32\WindowsPowerShell\v1.0\;C:\Program Files (x86)\Microsoft SQL Server\110\Tools\Binn\ManagementStudio\;C:\Program Files (x86)\Microsoft SQL Server\110\Tools\Binn\;C:\Program Files\Microsoft SQL Server\110\Tools\Binn\;C:\Program Files (x86)\Microsoft SQL Server\110\DTS\Binn\;C:\Program Files\Java\jdk1.7.0_60\bin;C:\Program Files\Java\jdk1.7.0_60\jre\bin;C:\JAVA\apache-maven-3.3.9\bin;D:\Users\liu.shuai\AppData\Local\Programs\Python\Python36-32;D:\Users\liu.shuai\scala\scala-2.11.7\bin;D:\user\hadoop-common-2.6.0\bin;C:\Program Files\netcat-win32-1.12;C:\WINDOWS\System32\OpenSSH\;D:\TortoiseGit\bin;C:\Program Files\Git\cmd;D:\Users\liuyangwang\AppData\Local\Microsoft\WindowsApps;D:\Users\liuyangwang\AppData\Local\Programs\Microsoft VS Code\bin;%HADOOP_HIME%\bin;D:\mysql\bin;
USERNAME=liuyangwang
OS=Windows_NT
PROCESSOR_IDENTIFIER=Intel64 Family 6 Model 94 Stepping 3, GenuineIntel



---------------  S Y S T E M  ---------------

OS: Windows 10.0 , 64 bit Build 18362 (10.0.18362.1)

CPU:total 4 (4 cores per cpu, 1 threads per core) family 6 model 94 stepping 3, cmov, cx8, fxsr, mmx, sse, sse2, sse3, ssse3, sse4.1, sse4.2, popcnt, avx, avx2, aes, clmul, erms, rtm, 3dnowpref, lzcnt, tsc, tscinvbit, bmi1, bmi2, adx

Memory: 4k page, physical 16662732k(5726744k free), swap 20857036k(5764k free)

vm_info: Java HotSpot(TM) 64-Bit Server VM (25.121-b13) for windows-amd64 JRE (1.8.0_121-b13), built on Dec 12 2016 18:21:36 by "java_re" with MS VC++ 10.0 (VS2010)

time: Sun Aug 08 15:47:09 2021
elapsed time: 0 seconds (0d 0h 0m 0s)

